159 'ngt_www.youtube.com/feeds/videos.xml?playlist_id=PLKInRA7xUoXrvscmWhtmhrdAMCTDojYZW' '<?xml version="1.0" encoding="UTF-8"?>
<feed xmlns:yt="http://www.youtube.com/xml/schemas/2015" xmlns:media="http://search.yahoo.com/mrss/" xmlns="http://www.w3.org/2005/Atom">
 <link rel="self" href="http://www.youtube.com/feeds/videos.xml?playlist_id=PLKInRA7xUoXrvscmWhtmhrdAMCTDojYZW"/>
 <id>yt:playlist:PLKInRA7xUoXrvscmWhtmhrdAMCTDojYZW</id>
 <yt:playlistId>PLKInRA7xUoXrvscmWhtmhrdAMCTDojYZW</yt:playlistId>
 <yt:channelId>UCshavgMGy2X0b9-9vuNEb9A</yt:channelId>
 <title>腰トントンに喜ぶ猫ちゃん達
-Waist Tonton Cats-</title>
 <author>
  <name>感動猫動画</name>
  <uri>https://www.youtube.com/channel/UCshavgMGy2X0b9-9vuNEb9A</uri>
 </author>
 <published>2018-01-08T12:17:14+00:00</published>
 <entry>
  <id>yt:video:w1pdHMurKd4</id>
  <yt:videoId>w1pdHMurKd4</yt:videoId>
  <yt:channelId>UCaSrY6bzhOcggSixyIK6cwQ</yt:channelId>
  <title>腰ポンしてえ～</title>
  <link rel="alternate" href="https://www.youtube.com/watch?v=w1pdHMurKd4"/>
  <author>
   <name>t3asena7tamako1a0</name>
   <uri>https://www.youtube.com/channel/UCaSrY6bzhOcggSixyIK6cwQ</uri>
  </author>
  <published>2011-08-18T00:02:47+00:00</published>
  <updated>2025-01-23T11:51:59+00:00</updated>
  <media:group>
   <media:title>腰ポンしてえ～</media:title>
   <media:content url="https://www.youtube.com/v/w1pdHMurKd4?version=3" type="application/x-shockwave-flash" width="640" height="390"/>
   <media:thumbnail url="https://i4.ytimg.com/vi/w1pdHMurKd4/hqdefault.jpg" width="480" height="360"/>
   <media:description>朝バイトで会うこの猫は私にいつも腰ポンを要求します。&#13;
そこで、動画にしてみました。</media:description>
   <media:community>
    <media:starRating count="1013" average="5.00" min="1" max="5"/>
    <media:statistics views="808089"/>
   </media:community>
  </media:group>
 </entry>
 <entry>
  <id>yt:video:R4PCFenWXPQ</id>
  <yt:videoId>R4PCFenWXPQ</yt:videoId>
  <yt:channelId>UCshavgMGy2X0b9-9vuNEb9A</yt:channelId>
  <title>腰トントンに悶絶する野良猫</title>
  <link rel="alternate" href="https://www.youtube.com/watch?v=R4PCFenWXPQ"/>
  <author>
   <name>感動猫動画</name>
   <uri>https://www.youtube.com/channel/UCshavgMGy2X0b9-9vuNEb9A</uri>
  </author>
  <published>2017-10-10T07:00:02+00:00</published>
  <updated>2025-03-17T12:43:33+00:00</updated>
  <media:group>
   <media:title>腰トントンに悶絶する野良猫</media:title>
   <media:content url="https://www.youtube.com/v/R4PCFenWXPQ?version=3" type="application/x-shockwave-flash" width="640" height="390"/>
   <media:thumbnail url="https://i3.ytimg.com/vi/R4PCFenWXPQ/hqdefault.jpg" width="480" height="360"/>
   <media:description>ねことの暮らしに楽しい新習慣。ねこがうっとりとろける不思議な道具「ねこじゃすり」
https://amzn.to/2IfqzfL

↑当チャンネルでよく出てくる不思議なあのブラシ？問い合わせをよく頂くので購入サイトを貼っておきます。（アマゾンアソシエイトリンクを使用しています）

全国各地で撮り歩いた野良猫動画を毎日アップ!!チャンネル登録はコチラから→https://goo.gl/rLQszr

野良猫の白猫ちゃんをモフモフ、腰トントンしてやると不思議な表情で喜んだ? #野良猫 #猫動画</media:description>
   <media:community>
    <media:starRating count="2417" average="5.00" min="1" max="5"/>
    <media:statistics views="489088"/>
   </media:community>
  </media:group>
 </entry>
 <entry>
  <id>yt:video:YWK-28B2_6Q</id>
  <yt:videoId>YWK-28B2_6Q</yt:videoId>
  <yt:channelId>UCshavgMGy2X0b9-9vuNEb9A</yt:channelId>
  <title>腰トントンに弱い野良猫、トントンしてたら喜んで膝の上に乗ってきた。</title>
  <link rel="alternate" href="https://www.youtube.com/watch?v=YWK-28B2_6Q"/>
  <author>
   <name>感動猫動画</name>
   <uri>https://www.youtube.com/channel/UCshavgMGy2X0b9-9vuNEb9A</uri>
  </author>
  <published>2017-11-25T09:00:04+00:00</published>
  <updated>2025-03-05T23:16:44+00:00</updated>
  <media:group>
   <media:title>腰トントンに弱い野良猫、トントンしてたら喜んで膝の上に乗ってきた。</media:title>
   <media:content url="https://www.youtube.com/v/YWK-28B2_6Q?version=3" type="application/x-shockwave-flash" width="640" height="390"/>
   <media:thumbnail url="https://i2.ytimg.com/vi/YWK-28B2_6Q/hqdefault.jpg" width="480" height="360"/>
   <media:description>ねことの暮らしに楽しい新習慣。ねこがうっとりとろける不思議な道具「ねこじゃすり」
https://amzn.to/2IfqzfL

↑当チャンネルでよく出てくる不思議なあのブラシ？問い合わせをよく頂くので購入サイトを貼っておきます。（アマゾンアソシエイトリンクを使用しています）

全国各地で撮り歩いた野良猫動画を毎日アップ!!チャンネル登録はコチラから→https://goo.gl/rLQszr

公園にいる腰トントンに弱い野良猫ちゃん、今日もトントンしてやると不思議な表情で喜んだ。膝の上まで乗ってきてゴロゴロゴロゴロかわいいですね。 #野良猫 #猫動画</media:description>
   <media:community>
    <media:starRating count="1614" average="5.00" min="1" max="5"/>
    <media:statistics views="290713"/>
   </media:community>
  </media:group>
 </entry>
 <entry>
  <id>yt:video:doXztGTlzNc</id>
  <yt:videoId>doXztGTlzNc</yt:videoId>
  <yt:channelId>UCM-xz3CjwYoIplMcyapBuJQ</yt:channelId>
  <title>絶叫する猫。しっぽの付け根をこちょこちょされて気持ちいいの？</title>
  <link rel="alternate" href="https://www.youtube.com/watch?v=doXztGTlzNc"/>
  <author>
   <name>猫屋敷仔猫</name>
   <uri>https://www.youtube.com/channel/UCM-xz3CjwYoIplMcyapBuJQ</uri>
  </author>
  <published>2015-10-09T09:21:53+00:00</published>
  <updated>2025-03-05T22:27:28+00:00</updated>
  <media:group>
   <media:title>絶叫する猫。しっぽの付け根をこちょこちょされて気持ちいいの？</media:title>
   <media:content url="https://www.youtube.com/v/doXztGTlzNc?version=3" type="application/x-shockwave-flash" width="640" height="390"/>
   <media:thumbnail url="https://i1.ytimg.com/vi/doXztGTlzNc/hqdefault.jpg" width="480" height="360"/>
   <media:description>田代島
撮影日 2015.6.8

https://youtu.be/bwD_FkRBMkg
https://youtu.be/NtTKtgjPRJI</media:description>
   <media:community>
    <media:starRating count="515" average="5.00" min="1" max="5"/>
    <media:statistics views="270649"/>
   </media:community>
  </media:group>
 </entry>
 <entry>
  <id>yt:video:fQ-psu0q0yw</id>
  <yt:videoId>fQ-psu0q0yw</yt:videoId>
  <yt:channelId>UCu8P0LENIy_46lyCfT_wgEw</yt:channelId>
  <title>（野良猫観察記）混乱する猫</title>
  <link rel="alternate" href="https://www.youtube.com/watch?v=fQ-psu0q0yw"/>
  <author>
   <name>sasfanmanRui</name>
   <uri>https://www.youtube.com/channel/UCu8P0LENIy_46lyCfT_wgEw</uri>
  </author>
  <published>2011-11-30T02:26:51+00:00</published>
  <updated>2025-01-23T12:51:48+00:00</updated>
  <media:group>
   <media:title>（野良猫観察記）混乱する猫</media:title>
   <media:content url="https://www.youtube.com/v/fQ-psu0q0yw?version=3" type="application/x-shockwave-flash" width="640" height="390"/>
   <media:thumbnail url="https://i3.ytimg.com/vi/fQ-psu0q0yw/hqdefault.jpg" width="480" height="360"/>
   <media:description>しっぽの付け根をくすぐると、こうなります。</media:description>
   <media:community>
    <media:starRating count="717" average="5.00" min="1" max="5"/>
    <media:statistics views="244085"/>
   </media:community>
  </media:group>
 </entry>
 <entry>
  <id>yt:video:B6vQsyRWB-M</id>
  <yt:videoId>B6vQsyRWB-M</yt:videoId>
  <yt:channelId>UCWFgO6RDw2NdKOT_vDwGptw</yt:channelId>
  <title>気持ち良すぎて・・・・。</title>
  <link rel="alternate" href="https://www.youtube.com/watch?v=B6vQsyRWB-M"/>
  <author>
   <name>nezu5531</name>
   <uri>https://www.youtube.com/channel/UCWFgO6RDw2NdKOT_vDwGptw</uri>
  </author>
  <published>2009-10-12T06:23:32+00:00</published>
  <updated>2025-01-24T13:10:08+00:00</updated>
  <media:group>
   <media:title>気持ち良すぎて・・・・。</media:title>
   <media:content url="https://www.youtube.com/v/B6vQsyRWB-M?version=3" type="application/x-shockwave-flash" width="640" height="390"/>
   <media:thumbnail url="https://i3.ytimg.com/vi/B6vQsyRWB-M/hqdefault.jpg" width="480" height="360"/>
   <media:description>野良猫ガオちゃん。しっぽの付け根をさすられると、気持ち良すぎてこんな感じになっちゃいます。目がイッちゃってます。</media:description>
   <media:community>
    <media:starRating count="620" average="5.00" min="1" max="5"/>
    <media:statistics views="182327"/>
   </media:community>
  </media:group>
 </entry>
 <entry>
  <id>yt:video:mXUDqqBaKpM</id>
  <yt:videoId>mXUDqqBaKpM</yt:videoId>
  <yt:channelId>UCiyMYe_Q3grXsY24b0ueSEA</yt:channelId>
  <title>腰トントンされる三毛猫ゆっけ</title>
  <link rel="alternate" href="https://www.youtube.com/watch?v=mXUDqqBaKpM"/>
  <author>
   <name>ちはつるいろ</name>
   <uri>https://www.youtube.com/channel/UCiyMYe_Q3grXsY24b0ueSEA</uri>
  </author>
  <published>2012-09-03T02:28:14+00:00</published>
  <updated>2025-01-23T01:23:46+00:00</updated>
  <media:group>
   <media:title>腰トントンされる三毛猫ゆっけ</media:title>
   <media:content url="https://www.youtube.com/v/mXUDqqBaKpM?version=3" type="application/x-shockwave-flash" width="640" height="390"/>
   <media:thumbnail url="https://i2.ytimg.com/vi/mXUDqqBaKpM/hqdefault.jpg" width="480" height="360"/>
   <media:description>腰をトントンされて、怒ってるのか、喜んでるのか...

#cat #猫 #ねこ #ネコ
#calico #三毛猫</media:description>
   <media:community>
    <media:starRating count="810" average="5.00" min="1" max="5"/>
    <media:statistics views="108103"/>
   </media:community>
  </media:group>
 </entry>
 <entry>
  <id>yt:video:VaHLSyIn0D4</id>
  <yt:videoId>VaHLSyIn0D4</yt:videoId>
  <yt:channelId>UCyT76L_64UPFZqB3gmtjKkQ</yt:channelId>
  <title>猫のしっぽの付け根をくすぐるとどうなるか？　cat back scratch</title>
  <link rel="alternate" href="https://www.youtube.com/watch?v=VaHLSyIn0D4"/>
  <author>
   <name>iwgogo</name>
   <uri>https://www.youtube.com/channel/UCyT76L_64UPFZqB3gmtjKkQ</uri>
  </author>
  <published>2010-10-14T18:52:22+00:00</published>
  <updated>2025-03-05T22:48:18+00:00</updated>
  <media:group>
   <media:title>猫のしっぽの付け根をくすぐるとどうなるか？　cat back scratch</media:title>
   <media:content url="https://www.youtube.com/v/VaHLSyIn0D4?version=3" type="application/x-shockwave-flash" width="640" height="390"/>
   <media:thumbnail url="https://i3.ytimg.com/vi/VaHLSyIn0D4/hqdefault.jpg" width="480" height="360"/>
   <media:description>膝の上まで上ってくる奴相手にいたづら。人の膝をがっちり掴んでアウアウ・・・最後は怒られます。茶虎猫は体が大きくなる上におっとり気味の性格の奴が多いようで、猫好きとしてタマランです。</media:description>
   <media:community>
    <media:starRating count="230" average="5.00" min="1" max="5"/>
    <media:statistics views="107782"/>
   </media:community>
  </media:group>
 </entry>
 <entry>
  <id>yt:video:iUZa96NZSn0</id>
  <yt:videoId>iUZa96NZSn0</yt:videoId>
  <yt:channelId>UCiUsxvGVVtA1YB8z82W6g_A</yt:channelId>
  <title>腰トントンが気持ち良すぎる猫</title>
  <link rel="alternate" href="https://www.youtube.com/watch?v=iUZa96NZSn0"/>
  <author>
   <name>sakkii61</name>
   <uri>https://www.youtube.com/channel/UCiUsxvGVVtA1YB8z82W6g_A</uri>
  </author>
  <published>2016-11-18T12:26:39+00:00</published>
  <updated>2025-03-05T21:03:47+00:00</updated>
  <media:group>
   <media:title>腰トントンが気持ち良すぎる猫</media:title>
   <media:content url="https://www.youtube.com/v/iUZa96NZSn0?version=3" type="application/x-shockwave-flash" width="640" height="390"/>
   <media:thumbnail url="https://i2.ytimg.com/vi/iUZa96NZSn0/hqdefault.jpg" width="480" height="360"/>
   <media:description>きもちいいいいいい</media:description>
   <media:community>
    <media:starRating count="781" average="5.00" min="1" max="5"/>
    <media:statistics views="95498"/>
   </media:community>
  </media:group>
 </entry>
 <entry>
  <id>yt:video:uNYVkhFlnoA</id>
  <yt:videoId>uNYVkhFlnoA</yt:videoId>
  <yt:channelId>UCrJ1CLBpD0Dk6bt0EBKK_uQ</yt:channelId>
  <title>お尻トントンが好きな猫</title>
  <link rel="alternate" href="https://www.youtube.com/watch?v=uNYVkhFlnoA"/>
  <author>
   <name>mimi suke</name>
   <uri>https://www.youtube.com/channel/UCrJ1CLBpD0Dk6bt0EBKK_uQ</uri>
  </author>
  <published>2015-04-14T06:55:08+00:00</published>
  <updated>2025-01-23T15:47:10+00:00</updated>
  <media:group>
   <media:title>お尻トントンが好きな猫</media:title>
   <media:content url="https://www.youtube.com/v/uNYVkhFlnoA?version=3" type="application/x-shockwave-flash" width="640" height="390"/>
   <media:thumbnail url="https://i2.ytimg.com/vi/uNYVkhFlnoA/hqdefault.jpg" width="480" height="360"/>
   <media:description>これがモモちゃんの日課です。
追記:2017/10/23 モモちゃん永眠いたしました。
blog　http://blog.goo.ne.jp/mimi-renren</media:description>
   <media:community>
    <media:starRating count="281" average="5.00" min="1" max="5"/>
    <media:statistics views="92608"/>
   </media:community>
  </media:group>
 </entry>
 <entry>
  <id>yt:video:jKRAjx95Hvg</id>
  <yt:videoId>jKRAjx95Hvg</yt:videoId>
  <yt:channelId>UC84IwhPGAxoYkZbSb3l5feA</yt:channelId>
  <title>【ねこ】うし君のエクスタシー♪【ネコ】</title>
  <link rel="alternate" href="https://www.youtube.com/watch?v=jKRAjx95Hvg"/>
  <author>
   <name>marumanmotors</name>
   <uri>https://www.youtube.com/channel/UC84IwhPGAxoYkZbSb3l5feA</uri>
  </author>
  <published>2011-10-12T05:25:12+00:00</published>
  <updated>2025-03-06T00:50:31+00:00</updated>
  <media:group>
   <media:title>【ねこ】うし君のエクスタシー♪【ネコ】</media:title>
   <media:content url="https://www.youtube.com/v/jKRAjx95Hvg?version=3" type="application/x-shockwave-flash" width="640" height="390"/>
   <media:thumbnail url="https://i3.ytimg.com/vi/jKRAjx95Hvg/hqdefault.jpg" width="480" height="360"/>
   <media:description>猫は腰の辺りを撫でると喜びますが、うし君はもっと感じてしまうようですｗ</media:description>
   <media:community>
    <media:starRating count="313" average="5.00" min="1" max="5"/>
    <media:statistics views="64570"/>
   </media:community>
  </media:group>
 </entry>
 <entry>
  <id>yt:video:M8cQN3IJJWw</id>
  <yt:videoId>M8cQN3IJJWw</yt:videoId>
  <yt:channelId>UCFWb_olPq1b33vNBIWwbFTg</yt:channelId>
  <title>「撫でて〜」超おしりが高いww茶トラ猫「マック」お願いの鳴き声！?　-Cute Cat likes one patted by hand of mom. Spoiled cat Mac !</title>
  <link rel="alternate" href="https://www.youtube.com/watch?v=M8cQN3IJJWw"/>
  <author>
   <name>Cat Life TV「2匹の猫通信」</name>
   <uri>https://www.youtube.com/channel/UCFWb_olPq1b33vNBIWwbFTg</uri>
  </author>
  <published>2016-10-04T04:13:32+00:00</published>
  <updated>2025-03-05T00:08:59+00:00</updated>
  <media:group>
   <media:title>「撫でて〜」超おしりが高いww茶トラ猫「マック」お願いの鳴き声！?　-Cute Cat likes one patted by hand of mom. Spoiled cat Mac !</media:title>
   <media:content url="https://www.youtube.com/v/M8cQN3IJJWw?version=3" type="application/x-shockwave-flash" width="640" height="390"/>
   <media:thumbnail url="https://i2.ytimg.com/vi/M8cQN3IJJWw/hqdefault.jpg" width="480" height="360"/>
   <media:description>甘えん坊の茶トラ猫「マック」はナデナデして〜と甘えた鳴き声でおねだりします。そしてお尻トントンもお願い！と何度もお尻を高く上げて、しゃちほこポーズ？になるのでした(=^・^=)
Cute Cat likes one patted by hand of mom.Spoiled cat Mac!

▶▶チャンネル登録 ↓  2匹の猫通信(Cats Life TV)
https://www.youtube.com/user/kuronecats



▶▶前回の動画↓マックの肩たたきトントン？
https://www.youtube.com/watch?v=wuHdIp66xJI

▶▶おすすめ動画↓マッサージで幸せそうなマックの動画です。
https://www.youtube.com/watch?v=oS71BCsQBRo

▶︎▶︎Google+
https://plus.google.com/+kuronecats

▶▶Facebookページ
https://www.facebook.com/kuronecats/

▶▶Twitter 
http://twitter.com/CatsLifeTV</media:description>
   <media:community>
    <media:starRating count="341" average="5.00" min="1" max="5"/>
    <media:statistics views="57845"/>
   </media:community>
  </media:group>
 </entry>
 <entry>
  <id>yt:video:SmypQwGAdgs</id>
  <yt:videoId>SmypQwGAdgs</yt:videoId>
  <yt:channelId>UCnpcSw0LhvmM8Cbsr3qNy_Q</yt:channelId>
  <title>猫が尻尾の付け根をトントンすると凄く喜ぶ / cat loves to be patted joint of her tail</title>
  <link rel="alternate" href="https://www.youtube.com/watch?v=SmypQwGAdgs"/>
  <author>
   <name>猫のいる生活 Life with Cats</name>
   <uri>https://www.youtube.com/channel/UCnpcSw0LhvmM8Cbsr3qNy_Q</uri>
  </author>
  <published>2017-08-08T10:00:01+00:00</published>
  <updated>2025-03-05T00:06:36+00:00</updated>
  <media:group>
   <media:title>猫が尻尾の付け根をトントンすると凄く喜ぶ / cat loves to be patted joint of her tail</media:title>
   <media:content url="https://www.youtube.com/v/SmypQwGAdgs?version=3" type="application/x-shockwave-flash" width="640" height="390"/>
   <media:thumbnail url="https://i4.ytimg.com/vi/SmypQwGAdgs/hqdefault.jpg" width="480" height="360"/>
   <media:description>茶トラ猫の「ちゃい」は尻尾の付け根をトントン叩かれるのがとても好きです。「叩いて」と言わんばかりに腰が触り易い位置に移動してきます。サバトラ猫の「すし」も、この日はトントンされていました。
高評価・コメント・拡散などして頂けると、とても嬉しいです。

「チャンネルについて」
基本は毎日19時更新です。
猫好きの方は共感して楽しんで貰えたら嬉しいです。
かわいい・おもしろい動画をアップしていきますので、猫を飼いたくても飼えない方は是非とも飼っているつもりで毎日の様子を楽しんでいって下さいね。

↓　チャンネル登録してくれると嬉しいです♪
https://www.youtube.com/subscription_center?add_user=FESTA0511
チャンネル登録して頂くと、最新の動画などをチェックしやすくなります♪

「メディア関係者の方々へ」
このチャンネルでは我が家の猫ズと時々野良猫の動画をアップしています。
テレビ・DVD・雑誌などにも取り上げて頂いています（*^_^*）
音楽無し・テロップ無し等もすぐに用意出来るので、
番組等での使用をご検討の際は気軽にお声掛け下さい♪

-----------------------------------------------------------------------------------------------------------

Chai ( the red tabby cat ) loves to be patted the join of her tail . even if I patted there and she was comfortable , she moved the position in order to be patted the join of her tail easily for me .
at that time Sushi ( the silver tabby cat ) also patted unusually .
pls don\'t forget to Like &amp; Share !

[About Channel]
Daily update at 7PM in Japanese standard time .
I hope all cat lovers enjoy my videos and as always thanks for watching !
I’m recording my cats’ cute and funny moments everyday .
If you have cats or not , please enjoy it as you living with my cats .

↓　Thank you for watching . Please subscribe my channel to check daily update .
https://www.youtube.com/subscription_center?add_user=FESTA0511 


[To Media authorized people]
I upload daily life videos of my cats , and also homeless cats sometimes .
It is available to get media coverage for my videos and channel .
I can give you even the version video of no music and no subtitle .
Please feel free to contact me if you consider using  my videos .
Thank you .

【weblog】http://ameblo.jp/lifewithcats/
【twitter】https://twitter.com/#!/FestaChai_neko
【google+】http://google.com/+FESTA0511</media:description>
   <media:community>
    <media:starRating count="257" average="5.00" min="1" max="5"/>
    <media:statistics views="50212"/>
   </media:community>
  </media:group>
 </entry>
 <entry>
  <id>yt:video:nK7fNM8LKJg</id>
  <yt:videoId>nK7fNM8LKJg</yt:videoId>
  <yt:channelId>UC2v_FEM2obGMne07CgXU8hw</yt:channelId>
  <title>お尻をさすると挙動不審な猫☆エアーペロペロ発動のリキちゃん☆猫の面白い行動【リキちゃんねる　猫動画】Cat videos キジトラ猫との暮らし</title>
  <link rel="alternate" href="https://www.youtube.com/watch?v=nK7fNM8LKJg"/>
  <author>
   <name>リキちゃんねる【ネコのリキ】</name>
   <uri>https://www.youtube.com/channel/UC2v_FEM2obGMne07CgXU8hw</uri>
  </author>
  <published>2017-09-14T01:00:03+00:00</published>
  <updated>2025-03-06T00:08:54+00:00</updated>
  <media:group>
   <media:title>お尻をさすると挙動不審な猫☆エアーペロペロ発動のリキちゃん☆猫の面白い行動【リキちゃんねる　猫動画】Cat videos キジトラ猫との暮らし</media:title>
   <media:content url="https://www.youtube.com/v/nK7fNM8LKJg?version=3" type="application/x-shockwave-flash" width="640" height="390"/>
   <media:thumbnail url="https://i3.ytimg.com/vi/nK7fNM8LKJg/hqdefault.jpg" width="480" height="360"/>
   <media:description>お尻をトントンすると何故か舌が出てきてペロペロしだすリキちゃん。でもそのツボを探すのはなかなか難しいのですｗ

☆リキちゃんのイラストタイプのLINEスタンプができました☆
https://store.line.me/stickershop/product/1563465

※最新のお知らせなどはTwitterやGoogle+で告知することもありますので、フォローしていただけると嬉しいです。
■昨日のリキちゃんは・・・猫らしいネコリキちゃん
https://www.youtube.com/watch?v=f7rea-sBjjY&amp;t=31s
■昨日のごちそうは・・・インドネパールカレー店でドライカレーを食べる☆ランチパスポート☆
https://www.youtube.com/watch?v=m0sp7rl32



☆チャンネル登録＆コメントお待ちしております(^O^)




VX980Mで撮影した動画の再生リスト
再生リストはこちら⇒https://www.youtube.com/playlist?list=PLKNL3WBSo179obrQHkawlbLXip6hEkk_V

■使っているビデオカメラ
パナソニック　HC-VX980M　デジタル4Kビデオカメラの
後継機　VX985M
http://amzn.to/2oRPgpa

■ソニー SONY ビデオカメラ FDR-AX40 4K 64GB 光学20倍 ブラック （Handycam FDR-AX40 BC）
http://amzn.to/2s3HIQA　
http://amzn.to/2rKASAa　（ブラック）
http://amzn.to/2t30kVU　（ブラウン）

■リキちゃん動画再生リスト
https://www.youtube.com/playlist?list=PLKNL3WBSo17-HUdqxbeGY-DriHJdzWi0M

■リキちゃん闘病日記■再生リスト　（発見→1/24まで時系列に並んでいます。）
https://www.youtube.com/playlist?list=PLKNL3WBSo179T4_rLLyzYXGoPDcaMu4jg
出血原因は、『破歯細胞性吸収病巣（はしさいぼうせいきゅうしゅうびょうそう）」』でした。

■外食・グルメの再生リスト
https://www.youtube.com/watch?v=AJnnArG7iHE&amp;list=PLKNL3WBSo179oGjOXA0Ra4pDqFUd7k1ro&amp;index=1


■リキちゃんのお出かけ必需品　ペットカート　（猫カート）
http://amzn.to/2o74ir1




私のチャンネル登録をしてくださっている皆様。
コメントや評価いつもありがとうございます☆
いつもたくさんの方に見ていただいて、コメントもいただき本当に嬉しく思ってます。
これからもリキちゃんや、飼い主の趣味全開の動画をアップし続けていこうと思いますので、末永くお付き合いいただければ幸いです(*´∀｀*)



ツイッター　　　https://twitter.com/rikichan_yt
猫のリキちゃんブログ　http://blog.livedoor.jp/rikichan_kijitora/
　まめに更新できたらいいなとは思ってますが。。。




※商品リンクはAmazonアソシエイトリンクを使用しております。
▶▶amazonでお買い物はこちらのリンクからお願いします☆
http://amzn.to/2pb6Qnh
＊＊＊＊＊＊＊＊＊＊＊＊＊＊＊＊＊＊＊＊＊＊＊＊＊＊＊＊＊＊
『こぐまのリッキー』　スタンプ40種類　100円
https://store.line.me/stickershop/product/1003736/ja
携帯からは、LINE→スタンプショップ→『こぐまのリッキー』で検索(*≧∀≦*)
※手描きイラスト風なかなりムラムラな感じのイラストです(；・∀・)

＊＊＊＊＊＊＊＊＊＊＊＊＊＊＊＊＊＊＊＊＊＊＊＊＊＊＊＊＊＊

使用楽曲　YouTubeオーディオライブラリー
☆今回の動画はＹｏｕＴｕｂｅオーディオライブラリーを利用しています。
Kevin MacLeodのChee Zee Beach - Latinesqueは、クリエイティブ・コモンズ (Creative Commons)ライセンス（https://creativecommons.org/licenses/by/4.0/）でライセンス付与されています。
ソース: http://incompetech.com/music/royalty-free/index.html?isrc=USUAN1100686
アーティスト: http://incompetech.com/

字幕の制作にご協力いただけると嬉しいです。
Please cooperate in making subtitles.

http://www.youtube.com/timedtext_cs_panel?tab=2&amp;c=UC2v_FEM2obGMne07CgXU8hw


■お尻をさすると挙動不審な猫☆エアーペロペロ発動のリキちゃん☆猫の面白い行動【リキちゃんねる　猫動画】Cat videos キジトラ猫との暮らし

■そこをトントンされると舌が勝手に出てくるニャー
#猫動画　#キジトラ　#リキ　#リキちゃん　#リキちゃんねる　#エアーペロペロ　#ペロペロ　#挙動不審　#面白い猫　#猫　#ねこ　#ネコ　#YouTube</media:description>
   <media:community>
    <media:starRating count="809" average="5.00" min="1" max="5"/>
    <media:statistics views="50039"/>
   </media:community>
  </media:group>
 </entry>
 <entry>
  <id>yt:video:PgoDpW6HxIY</id>
  <yt:videoId>PgoDpW6HxIY</yt:videoId>
  <yt:channelId>UCshavgMGy2X0b9-9vuNEb9A</yt:channelId>
  <title>「お前ホントに野良猫かよ?」と言いたくなるお腹をモフられ喜ぶ野良猫</title>
  <link rel="alternate" href="https://www.youtube.com/watch?v=PgoDpW6HxIY"/>
  <author>
   <name>感動猫動画</name>
   <uri>https://www.youtube.com/channel/UCshavgMGy2X0b9-9vuNEb9A</uri>
  </author>
  <published>2017-10-20T07:00:03+00:00</published>
  <updated>2025-03-05T02:21:29+00:00</updated>
  <media:group>
   <media:title>「お前ホントに野良猫かよ?」と言いたくなるお腹をモフられ喜ぶ野良猫</media:title>
   <media:content url="https://www.youtube.com/v/PgoDpW6HxIY?version=3" type="application/x-shockwave-flash" width="640" height="390"/>
   <media:thumbnail url="https://i1.ytimg.com/vi/PgoDpW6HxIY/hqdefault.jpg" width="480" height="360"/>
   <media:description>ねことの暮らしに楽しい新習慣。ねこがうっとりとろける不思議な道具「ねこじゃすり」
https://amzn.to/2IfqzfL

↑当チャンネルでよく出てくる不思議なあのブラシ？問い合わせをよく頂くので購入サイトを貼っておきます。（アマゾンアソシエイトリンクを使用しています）

全国各地で撮り歩いた野良猫動画を毎日アップ!!チャンネル登録はコチラから→https://goo.gl/rLQszr


トントン君、お腹モフられるのも大好きなのです。 #野良猫 #猫動画</media:description>
   <media:community>
    <media:starRating count="669" average="5.00" min="1" max="5"/>
    <media:statistics views="45390"/>
   </media:community>
  </media:group>
 </entry>
</feed>
' 


159 'ngt_apibannedvideographqlmethodPOSTheaders5BContentType5Dapplication2Fjsonbody7B22query223A22queryGetVideoA_77f4a5e98ee0b4b97726d4ad42157598903b90c4182cd30c2eeb48a6b65efac9' '{"data":{"getVideo":{"streamUrl":"https://download.assets.video/videos/12352a4a-1f85-44f7-8c87-af8b85875141.mp4","directUrl":"https://download.assets.video/videos/12352a4a-1f85-44f7-8c87-af8b85875141.mp4","title":"Australian Government Says No Sex During COVID And Wear A Mask While You Masturbate","summary":"Evelyn Rae of Caldron Pool joins Owen on the War Room to describe how the clown world has evolved in Australia. ","playCount":67067,"largeImage":"https://download.assets.video/images/0e36e826-69e8-48dc-9a67-ee6e2d9739f2-large.jpg","videoDuration":531.397533,"channel":{"title":"War Room With Owen Shroyer"},"publishedAt":"2021-01-13T01:45:02.014Z","createdAt":"2021-01-13T01:45:03.378Z"}},"extensions":{"tracing":{"version":1,"startTime":"2025-03-21T18:55:14.737Z","endTime":"2025-03-21T18:55:14.965Z","duration":227367155,"execution":{"resolvers":[{"path":["getVideo"],"parentType":"Query","fieldName":"getVideo","returnType":"Video!","startOffset":63660062,"duration":122486831},{"path":["getVideo","streamUrl"],"parentType":"Video","fieldName":"streamUrl","returnType":"String","startOffset":186194532,"duration":1022695},{"path":["getVideo","directUrl"],"parentType":"Video","fieldName":"directUrl","returnType":"String","startOffset":186266514,"duration":41062652},{"path":["getVideo","title"],"parentType":"Video","fieldName":"title","returnType":"String!","startOffset":186364490,"duration":856069},{"path":["getVideo","summary"],"parentType":"Video","fieldName":"summary","returnType":"String!","startOffset":186411724,"duration":810860},{"path":["getVideo","playCount"],"parentType":"Video","fieldName":"playCount","returnType":"Float!","startOffset":186453882,"duration":816316},{"path":["getVideo","largeImage"],"parentType":"Video","fieldName":"largeImage","returnType":"String","startOffset":186547340,"duration":724935},{"path":["getVideo","videoDuration"],"parentType":"Video","fieldName":"videoDuration","returnType":"Float","startOffset":186615830,"duration":610537},{"path":["getVideo","channel"],"parentType":"Video","fieldName":"channel","returnType":"Channel!","startOffset":186661482,"duration":39371753},{"path":["getVideo","publishedAt"],"parentType":"Video","fieldName":"publishedAt","returnType":"DateTime!","startOffset":186738296,"duration":522023},{"path":["getVideo","createdAt"],"parentType":"Video","fieldName":"createdAt","returnType":"DateTime!","startOffset":186797682,"duration":431668},{"path":["getVideo","channel","title"],"parentType":"Channel","fieldName":"title","returnType":"String","startOffset":226076020,"duration":66386}]}},"cacheControl":{"version":1,"hints":[{"path":["getVideo"],"maxAge":600},{"path":["getVideo","directUrl"],"maxAge":600},{"path":["getVideo","playCount"],"maxAge":300},{"path":["getVideo","largeImage"],"maxAge":600},{"path":["getVideo","channel"],"maxAge":600}]}}}
' 


